RUN	test.GameSimulation		gamesimulation	1528810528131	 	2.0
USER	Add two Players and Start	1	START	1528810528716	1528810528716
USER	Add, Start, New Game, Save And Load	4	START	1528810528748	1528810528748
USER	Add one Player and start	5	START	1528810528749	1528810528749
REQUEST	Add one Player and start	5		add a	1528810528750	1528810528769	OK	 
REQUEST	Add two Players and Start	1		add a	1528810528737	1528810528755	OK	 
REQUEST	Add, Start, New Game, Save And Load	4		add a	1528810528748	1528810528794	OK	 
REQUEST	Add one Player and start	5		add b	1528810528828	1528810528830	OK	 
REQUEST	Add, Start, New Game, Save And Load	4		add b	1528810528827	1528810528832	OK	 
REQUEST	Add, Start, New Game, Save And Load	4		add c	1528810528833	1528810528837	OK	 
REQUEST	Add two Players and Start	1		add b	1528810528834	1528810528855	OK	 
REQUEST	Add two Players and Start	1		start	1528810528856	1528810528862	OK	 
REQUEST	Add, Start, New Game, Save And Load	4		add d	1528810528838	1528810528866	OK	 
REQUEST	Add one Player and start	5		start	1528810528831	1528810528873	OK	 
REQUEST	Add two Players and Start	1		ready	1528810528863	1528810528876	OK	 
USER	Add two Players and Start	1	END	1528810528716	1528810528879
REQUEST	Add, Start, New Game, Save And Load	4		start	1528810528867	1528810528885	OK	 
REQUEST	Add one Player and start	5		ready	1528810528875	1528810528885	OK	 
USER	Add one Player and start	5	END	1528810528749	1528810528886
REQUEST	Add, Start, New Game, Save And Load	4		ready	1528810528886	1528810528893	OK	 
USER	Add one Player and start	6	START	1528810529743	1528810529743
USER	Add two Players and Start	2	START	1528810529758	1528810529758
REQUEST	Add one Player and start	6		add a	1528810529743	1528810529760	OK	 
REQUEST	Add one Player and start	6		add b	1528810529761	1528810529764	OK	 
REQUEST	Add two Players and Start	2		add a	1528810529759	1528810529775	OK	 
REQUEST	Add one Player and start	6		start	1528810529765	1528810529775	OK	 
REQUEST	Add two Players and Start	2		add b	1528810529776	1528810529778	OK	 
REQUEST	Add one Player and start	6		ready	1528810529776	1528810529779	OK	 
USER	Add one Player and start	6	END	1528810529743	1528810529779
REQUEST	Add two Players and Start	2		start	1528810529779	1528810529792	OK	 
REQUEST	Add two Players and Start	2		ready	1528810529793	1528810529809	OK	 
USER	Add two Players and Start	2	END	1528810529758	1528810529810
REQUEST	Add, Start, New Game, Save And Load	4		save	1528810528896	1528810530331	OK	 
USER	Add one Player and start	7	START	1528810530733	1528810530733
REQUEST	Add one Player and start	7		add a	1528810530733	1528810530750	OK	 
REQUEST	Add one Player and start	7		add b	1528810530752	1528810530764	OK	 
USER	Add two Players and Start	3	START	1528810530778	1528810530778
REQUEST	Add one Player and start	7		start	1528810530765	1528810530779	OK	 
REQUEST	Add two Players and Start	3		add a	1528810530779	1528810530795	OK	 
REQUEST	Add one Player and start	7		ready	1528810530781	1528810530796	OK	 
USER	Add one Player and start	7	END	1528810530733	1528810530797
REQUEST	Add two Players and Start	3		add b	1528810530797	1528810530811	OK	 
REQUEST	Add two Players and Start	3		start	1528810530812	1528810530827	OK	 
REQUEST	Add two Players and Start	3		ready	1528810530828	1528810530843	OK	 
USER	Add two Players and Start	3	END	1528810530778	1528810530845
USER	Add two Players and Start	8	START	1528810531731	1528810531731
USER	Add one Player and start	9	START	1528810531733	1528810531733
REQUEST	Add two Players and Start	8		add a	1528810531731	1528810531740	OK	 
REQUEST	Add one Player and start	9		add a	1528810531734	1528810531748	OK	 
REQUEST	Add two Players and Start	8		add b	1528810531741	1528810531750	OK	 
REQUEST	Add one Player and start	9		add b	1528810531749	1528810531753	OK	 
REQUEST	Add two Players and Start	8		start	1528810531751	1528810531754	OK	 
REQUEST	Add two Players and Start	8		ready	1528810531755	1528810531763	OK	 
REQUEST	Add one Player and start	9		start	1528810531754	1528810531763	OK	 
USER	Add two Players and Start	8	END	1528810531731	1528810531764
REQUEST	Add one Player and start	9		ready	1528810531764	1528810531780	OK	 
USER	Add one Player and start	9	END	1528810531733	1528810531781
USER	Add one Player and start	11	START	1528810532733	1528810532733
USER	Add two Players and Start	10	START	1528810532734	1528810532734
REQUEST	Add two Players and Start	10		add a	1528810532734	1528810532753	OK	 
REQUEST	Add one Player and start	11		add a	1528810532734	1528810532755	OK	 
REQUEST	Add two Players and Start	10		add b	1528810532755	1528810532763	OK	 
REQUEST	Add one Player and start	11		add b	1528810532756	1528810532764	OK	 
REQUEST	Add two Players and Start	10		start	1528810532764	1528810532768	OK	 
REQUEST	Add one Player and start	11		start	1528810532765	1528810532768	OK	 
REQUEST	Add one Player and start	11		ready	1528810532769	1528810532782	OK	 
USER	Add one Player and start	11	END	1528810532733	1528810532783
REQUEST	Add two Players and Start	10		ready	1528810532769	1528810532796	OK	 
USER	Add two Players and Start	10	END	1528810532734	1528810532797
USER	Add two Players and Start	12	START	1528810533733	1528810533733
USER	Add one Player and start	13	START	1528810533733	1528810533733
REQUEST	Add two Players and Start	12		add a	1528810533733	1528810533744	OK	 
REQUEST	Add one Player and start	13		add a	1528810533733	1528810533749	OK	 
REQUEST	Add two Players and Start	12		add b	1528810533745	1528810533753	OK	 
REQUEST	Add one Player and start	13		add b	1528810533751	1528810533759	OK	 
REQUEST	Add two Players and Start	12		start	1528810533755	1528810533761	OK	 
REQUEST	Add two Players and Start	12		ready	1528810533763	1528810533767	OK	 
USER	Add two Players and Start	12	END	1528810533733	1528810533768
REQUEST	Add one Player and start	13		start	1528810533761	1528810533772	OK	 
REQUEST	Add one Player and start	13		ready	1528810533773	1528810533780	OK	 
USER	Add one Player and start	13	END	1528810533733	1528810533781
USER	Add one Player and start	15	START	1528810534717	1528810534717
USER	Add two Players and Start	14	START	1528810534717	1528810534717
REQUEST	Add one Player and start	15		add a	1528810534717	1528810534733	OK	 
REQUEST	Add two Players and Start	14		add a	1528810534717	1528810534734	OK	 
REQUEST	Add one Player and start	15		add b	1528810534734	1528810534738	OK	 
REQUEST	Add two Players and Start	14		add b	1528810534734	1528810534738	OK	 
REQUEST	Add one Player and start	15		start	1528810534739	1528810534743	OK	 
REQUEST	Add two Players and Start	14		start	1528810534739	1528810534744	OK	 
REQUEST	Add two Players and Start	14		ready	1528810534745	1528810534749	OK	 
REQUEST	Add one Player and start	15		ready	1528810534745	1528810534749	OK	 
USER	Add one Player and start	15	END	1528810534717	1528810534750
USER	Add two Players and Start	14	END	1528810534717	1528810534750
USER	Add two Players and Start	16	START	1528810535713	1528810535713
USER	Add one Player and start	18	START	1528810535720	1528810535720
REQUEST	Add two Players and Start	16		add a	1528810535714	1528810535733	OK	 
REQUEST	Add one Player and start	18		add a	1528810535720	1528810535732	OK	 
REQUEST	Add two Players and Start	16		add b	1528810535734	1528810535736	OK	 
REQUEST	Add one Player and start	18		add b	1528810535734	1528810535738	OK	 
REQUEST	Add two Players and Start	16		start	1528810535738	1528810535741	OK	 
REQUEST	Add one Player and start	18		start	1528810535738	1528810535741	OK	 
REQUEST	Add one Player and start	18		ready	1528810535742	1528810535745	OK	 
REQUEST	Add two Players and Start	16		ready	1528810535742	1528810535745	OK	 
USER	Add one Player and start	18	END	1528810535720	1528810535746
USER	Add two Players and Start	16	END	1528810535713	1528810535746
USER	Add one Player and start	19	START	1528810536734	1528810536734
USER	Add two Players and Start	17	START	1528810536734	1528810536734
REQUEST	Add two Players and Start	17		add a	1528810536734	1528810536750	OK	 
REQUEST	Add one Player and start	19		add a	1528810536734	1528810536750	OK	 
REQUEST	Add two Players and Start	17		add b	1528810536751	1528810536752	OK	 
REQUEST	Add one Player and start	19		add b	1528810536751	1528810536752	OK	 
REQUEST	Add two Players and Start	17		start	1528810536753	1528810536766	OK	 
REQUEST	Add one Player and start	19		start	1528810536753	1528810536766	OK	 
REQUEST	Add two Players and Start	17		ready	1528810536767	1528810536782	OK	 
REQUEST	Add one Player and start	19		ready	1528810536767	1528810536782	OK	 
USER	Add one Player and start	19	END	1528810536734	1528810536783
USER	Add two Players and Start	17	END	1528810536734	1528810536783
USER	Add one Player and start	21	START	1528810537731	1528810537731
USER	Add two Players and Start	20	START	1528810537731	1528810537731
REQUEST	Add two Players and Start	20		add a	1528810537731	1528810537742	OK	 
REQUEST	Add one Player and start	21		add a	1528810537731	1528810537747	OK	 
REQUEST	Add two Players and Start	20		add b	1528810537743	1528810537748	OK	 
REQUEST	Add one Player and start	21		add b	1528810537748	1528810537751	OK	 
REQUEST	Add two Players and Start	20		start	1528810537749	1528810537755	OK	 
REQUEST	Add one Player and start	21		start	1528810537752	1528810537764	OK	 
REQUEST	Add two Players and Start	20		ready	1528810537756	1528810537765	OK	 
USER	Add two Players and Start	20	END	1528810537731	1528810537766
REQUEST	Add one Player and start	21		ready	1528810537765	1528810537772	OK	 
USER	Add one Player and start	21	END	1528810537731	1528810537773
REQUEST	Add, Start, New Game, Save And Load	4		load	1528810530332	1528810539431	OK	 
REQUEST	Add, Start, New Game, Save And Load	4		ready	1528810539433	1528810539438	OK	 
REQUEST	Add, Start, New Game, Save And Load	4		save	1528810539440	1528810541080	OK	 
REQUEST	Add, Start, New Game, Save And Load	4		load	1528810541081	1528810550156	OK	 
USER	Add, Start, New Game, Save And Load	4	END	1528810528748	1528810550157
